Arguments: 
  /Users/formegusto/.nvm/versions/node/v14.15.4/bin/node /usr/local/Cellar/yarn/1.22.10/libexec/bin/yarn.js add nodeRSA

PATH: 
  /Users/formegusto/.nvm/versions/node/v14.15.4/bin:/Library/Frameworks/Python.framework/Versions/3.9/bin:/usr/local/bin:/usr/bin:/bin:/usr/sbin:/sbin:/usr/local/share/dotnet:~/.dotnet/tools:/Library/Apple/usr/bin:/Library/Frameworks/Mono.framework/Versions/Current/Commands:/Users/formegusto/opt/anaconda3/bin:/Users/formegusto/opt/anaconda3/condabin:/Library/Frameworks/Python.framework/Versions/3.9/bin:/Users/formegusto/Developer/flutter/bin:/Users/formegusto/Developer/flutter/bin

Yarn version: 
  1.22.10

Node version: 
  14.15.4

Platform: 
  darwin x64

Trace: 
  Error: https://registry.yarnpkg.com/nodeRSA: Not found
      at Request.params.callback [as _callback] (/usr/local/Cellar/yarn/1.22.10/libexec/lib/cli.js:66988:18)
      at Request.self.callback (/usr/local/Cellar/yarn/1.22.10/libexec/lib/cli.js:140749:22)
      at Request.emit (events.js:315:20)
      at Request.<anonymous> (/usr/local/Cellar/yarn/1.22.10/libexec/lib/cli.js:141721:10)
      at Request.emit (events.js:315:20)
      at IncomingMessage.<anonymous> (/usr/local/Cellar/yarn/1.22.10/libexec/lib/cli.js:141643:12)
      at Object.onceWrapper (events.js:421:28)
      at IncomingMessage.emit (events.js:327:22)
      at endReadableNT (internal/streams/readable.js:1327:12)
      at processTicksAndRejections (internal/process/task_queues.js:80:21)

npm manifest: 
  {
    "name": "crypto",
    "version": "1.0.0",
    "main": "index.js",
    "license": "MIT",
    "scripts": {
      "start": "tsc && node dist/index"
    },
    "devDependencies": {
      "@types/bluebird": "^3.5.36",
      "@types/node": "^16.11.10",
      "@types/validator": "^13.7.0"
    }
  }

yarn manifest: 
  No manifest

Lockfile: 
  # THIS IS AN AUTOGENERATED FILE. DO NOT EDIT THIS FILE DIRECTLY.
  # yarn lockfile v1
  
  
  "@types/bluebird@^3.5.36":
    version "3.5.36"
    resolved "https://registry.yarnpkg.com/@types/bluebird/-/bluebird-3.5.36.tgz#00d9301d4dc35c2f6465a8aec634bb533674c652"
    integrity sha512-HBNx4lhkxN7bx6P0++W8E289foSu8kO8GCk2unhuVggO+cE7rh9DhZUyPhUxNRG9m+5B5BTKxZQ5ZP92x/mx9Q==
  
  "@types/node@^16.11.10":
    version "16.11.13"
    resolved "https://registry.yarnpkg.com/@types/node/-/node-16.11.13.tgz#6b71641b81a98c6a538d89892440c06f147edddc"
    integrity sha512-eUXZzHLHoZqj1frtUetNkUetYoJ6X55UmrVnFD4DMhVeAmwLjniZhtBmsRiemQh4uq4G3vUra/Ws/hs9vEvL3Q==
  
  "@types/validator@^13.7.0":
    version "13.7.0"
    resolved "https://registry.yarnpkg.com/@types/validator/-/validator-13.7.0.tgz#fa25263656d234473025c2d48249a900053c355a"
    integrity sha512-+jBxVvXVuggZOrm04NR8z+5+bgoW4VZyLzUO+hmPPW1mVFL/HaitLAkizfv4yg9TbG8lkfHWVMQ11yDqrVVCzA==
